[debug] [2022-06-12T17:11:16.223Z] ----------------------------------------------------------------------
[debug] [2022-06-12T17:11:16.225Z] Command:       C:\Program Files\nodejs\node.exe C:\Users\User\AppData\Roaming\npm\node_modules\firebase-tools\lib\bin\firebase.js deploy --only functions:getImageUrl
[debug] [2022-06-12T17:11:16.225Z] CLI Version:   11.0.1
[debug] [2022-06-12T17:11:16.225Z] Platform:      win32
[debug] [2022-06-12T17:11:16.225Z] Node Version:  v14.19.3
[debug] [2022-06-12T17:11:16.226Z] Time:          Sun Jun 12 2022 20:11:16 GMT+0300 (Eastern European Summer Time)
[debug] [2022-06-12T17:11:16.226Z] ----------------------------------------------------------------------
[debug] 
[debug] [2022-06-12T17:11:16.284Z] > command requires scopes: ["email","openid","https://www.googleapis.com/auth/cloudplatformprojects.readonly","https://www.googleapis.com/auth/firebase","https://www.googleapis.com/auth/cloud-platform"]
[debug] [2022-06-12T17:11:16.284Z] > authorizing via signed-in user (m.gerasymova29@gmail.com)
[debug] [2022-06-12T17:11:16.284Z] [iam] checking project city-quest-3eab4 for permissions ["cloudfunctions.functions.create","cloudfunctions.functions.delete","cloudfunctions.functions.get","cloudfunctions.functions.list","cloudfunctions.functions.update","cloudfunctions.operations.get","firebase.projects.get"]
[debug] [2022-06-12T17:11:16.286Z] >>> [apiv2][query] POST https://cloudresourcemanager.googleapis.com/v1/projects/city-quest-3eab4:testIamPermissions [none]
[debug] [2022-06-12T17:11:16.286Z] >>> [apiv2][body] POST https://cloudresourcemanager.googleapis.com/v1/projects/city-quest-3eab4:testIamPermissions {"permissions":["cloudfunctions.functions.create","cloudfunctions.functions.delete","cloudfunctions.functions.get","cloudfunctions.functions.list","cloudfunctions.functions.update","cloudfunctions.operations.get","firebase.projects.get"]}
[debug] [2022-06-12T17:11:17.162Z] <<< [apiv2][status] POST https://cloudresourcemanager.googleapis.com/v1/projects/city-quest-3eab4:testIamPermissions 200
[debug] [2022-06-12T17:11:17.162Z] <<< [apiv2][body] POST https://cloudresourcemanager.googleapis.com/v1/projects/city-quest-3eab4:testIamPermissions {"permissions":["cloudfunctions.functions.create","cloudfunctions.functions.delete","cloudfunctions.functions.get","cloudfunctions.functions.list","cloudfunctions.functions.update","cloudfunctions.operations.get","firebase.projects.get"]}
[debug] [2022-06-12T17:11:17.163Z] >>> [apiv2][query] POST https://iam.googleapis.com/v1/projects/city-quest-3eab4/serviceAccounts/city-quest-3eab4@appspot.gserviceaccount.com:testIamPermissions [none]
[debug] [2022-06-12T17:11:17.163Z] >>> [apiv2][body] POST https://iam.googleapis.com/v1/projects/city-quest-3eab4/serviceAccounts/city-quest-3eab4@appspot.gserviceaccount.com:testIamPermissions {"permissions":["iam.serviceAccounts.actAs"]}
[debug] [2022-06-12T17:11:17.998Z] <<< [apiv2][status] POST https://iam.googleapis.com/v1/projects/city-quest-3eab4/serviceAccounts/city-quest-3eab4@appspot.gserviceaccount.com:testIamPermissions 200
[debug] [2022-06-12T17:11:17.998Z] <<< [apiv2][body] POST https://iam.googleapis.com/v1/projects/city-quest-3eab4/serviceAccounts/city-quest-3eab4@appspot.gserviceaccount.com:testIamPermissions {"permissions":["iam.serviceAccounts.actAs"]}
[info] 
[info] === Deploying to 'city-quest-3eab4'...
[info] 
[info] i  deploying functions 
[info] Running command: npm --prefix "$RESOURCE_DIR" run lint
[info] +  functions: Finished running predeploy script. 
[debug] [2022-06-12T17:11:19.159Z] >>> [apiv2][query] GET https://firebase.googleapis.com/v1beta1/projects/city-quest-3eab4 [none]
[debug] [2022-06-12T17:11:19.529Z] <<< [apiv2][status] GET https://firebase.googleapis.com/v1beta1/projects/city-quest-3eab4 200
[debug] [2022-06-12T17:11:19.529Z] <<< [apiv2][body] GET https://firebase.googleapis.com/v1beta1/projects/city-quest-3eab4 {"projectId":"city-quest-3eab4","projectNumber":"808915159407","displayName":"city-quest","name":"projects/city-quest-3eab4","resources":{"hostingSite":"city-quest-3eab4","realtimeDatabaseInstance":"city-quest-3eab4-default-rtdb","storageBucket":"city-quest-3eab4.appspot.com","locationId":"europe-west"},"state":"ACTIVE"}
[info] i  functions: ensuring required API cloudfunctions.googleapis.com is enabled... 
[info] i  functions: ensuring required API cloudbuild.googleapis.com is enabled... 
[debug] [2022-06-12T17:11:19.533Z] >>> [apiv2][query] GET https://serviceusage.googleapis.com/v1/projects/city-quest-3eab4/services/cloudfunctions.googleapis.com [none]
[debug] [2022-06-12T17:11:19.534Z] >>> [apiv2][query] GET https://serviceusage.googleapis.com/v1/projects/city-quest-3eab4/services/runtimeconfig.googleapis.com [none]
[debug] [2022-06-12T17:11:19.535Z] >>> [apiv2][query] GET https://serviceusage.googleapis.com/v1/projects/city-quest-3eab4/services/cloudbuild.googleapis.com [none]
[debug] [2022-06-12T17:11:19.536Z] >>> [apiv2][query] GET https://serviceusage.googleapis.com/v1/projects/city-quest-3eab4/services/artifactregistry.googleapis.com [none]
[debug] [2022-06-12T17:11:20.638Z] <<< [apiv2][status] GET https://serviceusage.googleapis.com/v1/projects/city-quest-3eab4/services/cloudbuild.googleapis.com 200
[debug] [2022-06-12T17:11:20.638Z] <<< [apiv2][body] GET https://serviceusage.googleapis.com/v1/projects/city-quest-3eab4/services/cloudbuild.googleapis.com [omitted]
[info] +  functions: required API cloudbuild.googleapis.com is enabled 
[debug] [2022-06-12T17:11:20.665Z] <<< [apiv2][status] GET https://serviceusage.googleapis.com/v1/projects/city-quest-3eab4/services/cloudfunctions.googleapis.com 200
[debug] [2022-06-12T17:11:20.666Z] <<< [apiv2][body] GET https://serviceusage.googleapis.com/v1/projects/city-quest-3eab4/services/cloudfunctions.googleapis.com [omitted]
[info] +  functions: required API cloudfunctions.googleapis.com is enabled 
[debug] [2022-06-12T17:11:20.667Z] <<< [apiv2][status] GET https://serviceusage.googleapis.com/v1/projects/city-quest-3eab4/services/runtimeconfig.googleapis.com 200
[debug] [2022-06-12T17:11:20.667Z] <<< [apiv2][body] GET https://serviceusage.googleapis.com/v1/projects/city-quest-3eab4/services/runtimeconfig.googleapis.com [omitted]
[debug] [2022-06-12T17:11:20.668Z] <<< [apiv2][status] GET https://serviceusage.googleapis.com/v1/projects/city-quest-3eab4/services/artifactregistry.googleapis.com 200
[debug] [2022-06-12T17:11:20.668Z] <<< [apiv2][body] GET https://serviceusage.googleapis.com/v1/projects/city-quest-3eab4/services/artifactregistry.googleapis.com [omitted]
[debug] [2022-06-12T17:11:20.668Z] >>> [apiv2][query] GET https://firebase.googleapis.com/v1beta1/projects/city-quest-3eab4/adminSdkConfig [none]
[debug] [2022-06-12T17:11:21.039Z] <<< [apiv2][status] GET https://firebase.googleapis.com/v1beta1/projects/city-quest-3eab4/adminSdkConfig 200
[debug] [2022-06-12T17:11:21.039Z] <<< [apiv2][body] GET https://firebase.googleapis.com/v1beta1/projects/city-quest-3eab4/adminSdkConfig {"projectId":"city-quest-3eab4","databaseURL":"https://city-quest-3eab4-default-rtdb.europe-west1.firebasedatabase.app","storageBucket":"city-quest-3eab4.appspot.com","locationId":"europe-west"}
[debug] [2022-06-12T17:11:21.039Z] >>> [apiv2][query] GET https://runtimeconfig.googleapis.com/v1beta1/projects/city-quest-3eab4/configs [none]
[debug] [2022-06-12T17:11:21.551Z] <<< [apiv2][status] GET https://runtimeconfig.googleapis.com/v1beta1/projects/city-quest-3eab4/configs 200
[debug] [2022-06-12T17:11:21.551Z] <<< [apiv2][body] GET https://runtimeconfig.googleapis.com/v1beta1/projects/city-quest-3eab4/configs {}
[info] i  functions: preparing codebase default for deployment 
[debug] [2022-06-12T17:11:21.555Z] Validating nodejs source
[debug] [2022-06-12T17:11:23.975Z] > [functions] package.json contents: {
  "name": "functions",
  "description": "Cloud Functions for Firebase",
  "scripts": {
    "lint": "eslint .",
    "serve": "firebase emulators:start --only functions",
    "shell": "firebase functions:shell",
    "start": "npm run shell",
    "deploy": "firebase deploy --only functions",
    "logs": "firebase functions:log"
  },
  "engines": {
    "node": "16"
  },
  "main": "index.js",
  "dependencies": {
    "firebase-admin": "^10.0.2",
    "firebase-functions": "^3.18.0"
  },
  "devDependencies": {
    "eslint": "^8.9.0",
    "eslint-config-google": "^0.14.0",
    "firebase-functions-test": "^0.2.0"
  },
  "private": true
}
[debug] [2022-06-12T17:11:23.975Z] Building nodejs source
[debug] [2022-06-12T17:11:23.976Z] Analyzing nodejs backend spec
[debug] [2022-06-12T17:11:23.976Z] Could not find functions.yaml. Must use http discovery
[debug] [2022-06-12T17:11:24.244Z] Serving at port 9005

[debug] [2022-06-12T17:11:24.361Z] FirebaseAppImpl {
  _isDeleted: false,
  _options: {
    apiKey: 'AIzaSyD3LSsh8N9u2hzjrccwCchVVjPyvnJe0Ag',
    authDomain: 'city-quest-3eab4.firebaseapp.com',
    databaseURL: 'https://city-quest-3eab4-default-rtdb.europe-west1.firebasedatabase.app',
    projectId: 'city-quest-3eab4',
    storageBucket: 'city-quest-3eab4.appspot.com',
    messagingSenderId: '808915159407',
    appId: '1:808915159407:web:ca51080a9a2129f2a7009a',
    measurementId: 'G-T3SKGDYVDZ'
  },
  _config: { name: '[DEFAULT]', automaticDataCollectionEnabled: false },
  _name: '[DEFAULT]',
  _automaticDataCollectionEnabled: false,
  _container: ComponentContainer {
    name: '[DEFAULT]',
    providers: Map(9) {
      'platform-logger' => [Provider],
      'heartbeat' => [Provider],
      'fire-core-node-version' => [Provider],
      'fire-core-cjs5-version' => [Provider],
      'fire-js-version' => [Provider],
      'fire-js-all-app-version' => [Provider],
      'storage' => [Provider],
      'fire-gcs-version' => [Provider],
      'app' => [Provider]
    }
  }
}

[debug] [2022-06-12T17:11:24.366Z] Got response from /__/functions.yaml {"endpoints":{"helloWorld":{"platform":"gcfv1","httpsTrigger":{},"entryPoint":"helloWorld"},"getImageUrl":{"platform":"gcfv1","labels":{},"callableTrigger":{},"entryPoint":"getImageUrl"}},"specVersion":"v1alpha1","requiredAPIs":[]}
[debug] [2022-06-12T17:11:24.387Z] shutdown requested via /__/quitquitquit

[info] i  functions: preparing functions directory for uploading... 
[info] i  functions: packaged C:\projects\city-quest\functions (35.33 KB) for uploading 
[debug] [2022-06-12T17:11:24.438Z] >>> [apiv2][query] GET https://cloudfunctions.googleapis.com/v1/projects/city-quest-3eab4/locations/-/functions [none]
[debug] [2022-06-12T17:11:25.288Z] <<< [apiv2][status] GET https://cloudfunctions.googleapis.com/v1/projects/city-quest-3eab4/locations/-/functions 200
[debug] [2022-06-12T17:11:25.288Z] <<< [apiv2][body] GET https://cloudfunctions.googleapis.com/v1/projects/city-quest-3eab4/locations/-/functions {"functions":[{"name":"projects/city-quest-3eab4/locations/us-central1/functions/helloWorld","httpsTrigger":{"url":"https://us-central1-city-quest-3eab4.cloudfunctions.net/helloWorld","securityLevel":"SECURE_ALWAYS"},"status":"ACTIVE","entryPoint":"helloWorld","timeout":"60s","availableMemoryMb":256,"serviceAccountEmail":"city-quest-3eab4@appspot.gserviceaccount.com","updateTime":"2022-06-12T16:23:58.118Z","versionId":"5","labels":{"deployment-tool":"cli-firebase"},"sourceUploadUrl":"https://storage.googleapis.com/uploads-856646295701.us-central1.cloudfunctions.appspot.com/ed07d10b-ddd8-4ab5-b216-39de29b137a6.zip","environmentVariables":{"FIREBASE_CONFIG":"{\"projectId\":\"city-quest-3eab4\",\"databaseURL\":\"https://city-quest-3eab4-default-rtdb.europe-west1.firebasedatabase.app\",\"storageBucket\":\"city-quest-3eab4.appspot.com\",\"locationId\":\"europe-west\"}","GCLOUD_PROJECT":"city-quest-3eab4"},"runtime":"nodejs16","ingressSettings":"ALLOW_ALL","buildId":"1ed67fb7-9484-4099-a526-10e39c5fba6d","buildName":"projects/808915159407/locations/us-central1/builds/1ed67fb7-9484-4099-a526-10e39c5fba6d","dockerRegistry":"CONTAINER_REGISTRY"}]}
[debug] [2022-06-12T17:11:25.289Z] >>> [apiv2][query] GET https://cloudfunctions.googleapis.com/v2alpha/projects/city-quest-3eab4/locations/-/functions [none]
[debug] [2022-06-12T17:11:26.534Z] <<< [apiv2][status] GET https://cloudfunctions.googleapis.com/v2alpha/projects/city-quest-3eab4/locations/-/functions 200
[debug] [2022-06-12T17:11:26.534Z] <<< [apiv2][body] GET https://cloudfunctions.googleapis.com/v2alpha/projects/city-quest-3eab4/locations/-/functions {}
[debug] [2022-06-12T17:11:26.544Z] >>> [apiv2][query] GET https://firebase.googleapis.com/v1beta1/projects/city-quest-3eab4 [none]
[debug] [2022-06-12T17:11:26.907Z] <<< [apiv2][status] GET https://firebase.googleapis.com/v1beta1/projects/city-quest-3eab4 200
[debug] [2022-06-12T17:11:26.907Z] <<< [apiv2][body] GET https://firebase.googleapis.com/v1beta1/projects/city-quest-3eab4 {"projectId":"city-quest-3eab4","projectNumber":"808915159407","displayName":"city-quest","name":"projects/city-quest-3eab4","resources":{"hostingSite":"city-quest-3eab4","realtimeDatabaseInstance":"city-quest-3eab4-default-rtdb","storageBucket":"city-quest-3eab4.appspot.com","locationId":"europe-west"},"state":"ACTIVE"}
[debug] [2022-06-12T17:11:26.909Z] >>> [apiv2][query] POST https://cloudfunctions.googleapis.com/v1/projects/city-quest-3eab4/locations/us-central1/functions:generateUploadUrl [none]
[debug] [2022-06-12T17:11:26.909Z] >>> [apiv2][body] POST https://cloudfunctions.googleapis.com/v1/projects/city-quest-3eab4/locations/us-central1/functions:generateUploadUrl {}
[debug] [2022-06-12T17:11:27.791Z] <<< [apiv2][status] POST https://cloudfunctions.googleapis.com/v1/projects/city-quest-3eab4/locations/us-central1/functions:generateUploadUrl 200
[debug] [2022-06-12T17:11:27.791Z] <<< [apiv2][body] POST https://cloudfunctions.googleapis.com/v1/projects/city-quest-3eab4/locations/us-central1/functions:generateUploadUrl {"uploadUrl":"https://storage.googleapis.com/uploads-856646295701.us-central1.cloudfunctions.appspot.com/f597bdad-50c0-4e4f-b9ff-3af789fbc25d.zip?GoogleAccessId=service-808915159407@gcf-admin-robot.iam.gserviceaccount.com&Expires=1655055687&Signature=sAfKEmBzg07RF5woXDTLoFCOpSrTrXEEEEzBLciwY6WYpZD4g%2B8umEjXHns4%2FSBniwo6YK9Oyo0Xmb4oaOm%2FfKTlZt3cnawas2DczvO4kC4CJeS%2B0iqnKdGZuotWM7%2FDXy7wNg9Uz1cAOKN9tDwHbXTU%2Fp2ToBAtN4ON5owOCJEzNOl6MmgtdQqkoRp0hEYPmsK0PWPOBzaEkXPsvnnXyWdzJTKxli6ygL4ub%2BH9z0%2FSSa4eb%2Bp70xdDFZVNDVmL8hfKVndPJlJOBeeguh9VqZKFRwbkFPDoU%2FRVALMO4sTurTMUgYpkRaPIiig21mEGtIpUZ8yXCaKm9aRfCoFqzQ%3D%3D"}
[debug] [2022-06-12T17:11:27.792Z] >>> [apiv2][query] PUT https://storage.googleapis.com/uploads-856646295701.us-central1.cloudfunctions.appspot.com/f597bdad-50c0-4e4f-b9ff-3af789fbc25d.zip GoogleAccessId=service-808915159407%40gcf-admin-robot.iam.gserviceaccount.com&Expires=1655055687&Signature=sAfKEmBzg07RF5woXDTLoFCOpSrTrXEEEEzBLciwY6WYpZD4g%2B8umEjXHns4%2FSBniwo6YK9Oyo0Xmb4oaOm%2FfKTlZt3cnawas2DczvO4kC4CJeS%2B0iqnKdGZuotWM7%2FDXy7wNg9Uz1cAOKN9tDwHbXTU%2Fp2ToBAtN4ON5owOCJEzNOl6MmgtdQqkoRp0hEYPmsK0PWPOBzaEkXPsvnnXyWdzJTKxli6ygL4ub%2BH9z0%2FSSa4eb%2Bp70xdDFZVNDVmL8hfKVndPJlJOBeeguh9VqZKFRwbkFPDoU%2FRVALMO4sTurTMUgYpkRaPIiig21mEGtIpUZ8yXCaKm9aRfCoFqzQ%3D%3D
[debug] [2022-06-12T17:11:27.792Z] >>> [apiv2][body] PUT https://storage.googleapis.com/uploads-856646295701.us-central1.cloudfunctions.appspot.com/f597bdad-50c0-4e4f-b9ff-3af789fbc25d.zip [stream]
[debug] [2022-06-12T17:11:28.553Z] <<< [apiv2][status] PUT https://storage.googleapis.com/uploads-856646295701.us-central1.cloudfunctions.appspot.com/f597bdad-50c0-4e4f-b9ff-3af789fbc25d.zip 200
[debug] [2022-06-12T17:11:28.553Z] <<< [apiv2][body] PUT https://storage.googleapis.com/uploads-856646295701.us-central1.cloudfunctions.appspot.com/f597bdad-50c0-4e4f-b9ff-3af789fbc25d.zip [omitted]
[info] +  functions: functions folder uploaded successfully 
[info] i  functions: creating Node.js 16 function getImageUrl(us-central1)... 
[debug] [2022-06-12T17:11:28.558Z] >>> [apiv2][query] POST https://cloudfunctions.googleapis.com/v1/projects/city-quest-3eab4/locations/us-central1/functions [none]
[debug] [2022-06-12T17:11:28.558Z] >>> [apiv2][body] POST https://cloudfunctions.googleapis.com/v1/projects/city-quest-3eab4/locations/us-central1/functions {"name":"projects/city-quest-3eab4/locations/us-central1/functions/getImageUrl","sourceUploadUrl":"https://storage.googleapis.com/uploads-856646295701.us-central1.cloudfunctions.appspot.com/f597bdad-50c0-4e4f-b9ff-3af789fbc25d.zip?GoogleAccessId=service-808915159407@gcf-admin-robot.iam.gserviceaccount.com&Expires=1655055687&Signature=sAfKEmBzg07RF5woXDTLoFCOpSrTrXEEEEzBLciwY6WYpZD4g%2B8umEjXHns4%2FSBniwo6YK9Oyo0Xmb4oaOm%2FfKTlZt3cnawas2DczvO4kC4CJeS%2B0iqnKdGZuotWM7%2FDXy7wNg9Uz1cAOKN9tDwHbXTU%2Fp2ToBAtN4ON5owOCJEzNOl6MmgtdQqkoRp0hEYPmsK0PWPOBzaEkXPsvnnXyWdzJTKxli6ygL4ub%2BH9z0%2FSSa4eb%2Bp70xdDFZVNDVmL8hfKVndPJlJOBeeguh9VqZKFRwbkFPDoU%2FRVALMO4sTurTMUgYpkRaPIiig21mEGtIpUZ8yXCaKm9aRfCoFqzQ%3D%3D","entryPoint":"getImageUrl","runtime":"nodejs16","labels":{"deployment-tool":"cli-firebase","deployment-callable":"true"},"httpsTrigger":{"securityLevel":"SECURE_ALWAYS"},"environmentVariables":{"FIREBASE_CONFIG":"{\"projectId\":\"city-quest-3eab4\",\"databaseURL\":\"https://city-quest-3eab4-default-rtdb.europe-west1.firebasedatabase.app\",\"storageBucket\":\"city-quest-3eab4.appspot.com\",\"locationId\":\"europe-west\"}","GCLOUD_PROJECT":"city-quest-3eab4"}}
[debug] [2022-06-12T17:11:29.300Z] <<< [apiv2][status] POST https://cloudfunctions.googleapis.com/v1/projects/city-quest-3eab4/locations/us-central1/functions 200
[debug] [2022-06-12T17:11:29.300Z] <<< [apiv2][body] POST https://cloudfunctions.googleapis.com/v1/projects/city-quest-3eab4/locations/us-central1/functions {"name":"operations/Y2l0eS1xdWVzdC0zZWFiNC91cy1jZW50cmFsMS9nZXRJbWFnZVVybC9RNl9MMVdlODd0Zw","metadata":{"@type":"type.googleapis.com/google.cloud.functions.v1.OperationMetadataV1","target":"projects/city-quest-3eab4/locations/us-central1/functions/getImageUrl","type":"CREATE_FUNCTION","request":{"@type":"type.googleapis.com/google.cloud.functions.v1.CloudFunction","name":"projects/city-quest-3eab4/locations/us-central1/functions/getImageUrl","httpsTrigger":{"securityLevel":"SECURE_ALWAYS"},"entryPoint":"getImageUrl","labels":{"deployment-tool":"cli-firebase","deployment-callable":"true"},"sourceUploadUrl":"https://storage.googleapis.com/uploads-856646295701.us-central1.cloudfunctions.appspot.com/f597bdad-50c0-4e4f-b9ff-3af789fbc25d.zip?GoogleAccessId=service-808915159407@gcf-admin-robot.iam.gserviceaccount.com&Expires=1655055687&Signature=sAfKEmBzg07RF5woXDTLoFCOpSrTrXEEEEzBLciwY6WYpZD4g%2B8umEjXHns4%2FSBniwo6YK9Oyo0Xmb4oaOm%2FfKTlZt3cnawas2DczvO4kC4CJeS%2B0iqnKdGZuotWM7%2FDXy7wNg9Uz1cAOKN9tDwHbXTU%2Fp2ToBAtN4ON5owOCJEzNOl6MmgtdQqkoRp0hEYPmsK0PWPOBzaEkXPsvnnXyWdzJTKxli6ygL4ub%2BH9z0%2FSSa4eb%2Bp70xdDFZVNDVmL8hfKVndPJlJOBeeguh9VqZKFRwbkFPDoU%2FRVALMO4sTurTMUgYpkRaPIiig21mEGtIpUZ8yXCaKm9aRfCoFqzQ%3D%3D","environmentVariables":{"FIREBASE_CONFIG":"{\"projectId\":\"city-quest-3eab4\",\"databaseURL\":\"https://city-quest-3eab4-default-rtdb.europe-west1.firebasedatabase.app\",\"storageBucket\":\"city-quest-3eab4.appspot.com\",\"locationId\":\"europe-west\"}","GCLOUD_PROJECT":"city-quest-3eab4"},"runtime":"nodejs16"},"versionId":"1","updateTime":"2022-06-12T17:11:29Z"}}
[debug] [2022-06-12T17:11:29.302Z] >>> [apiv2][query] GET https://cloudfunctions.googleapis.com/v1/operations/Y2l0eS1xdWVzdC0zZWFiNC91cy1jZW50cmFsMS9nZXRJbWFnZVVybC9RNl9MMVdlODd0Zw [none]
[debug] [2022-06-12T17:11:29.859Z] <<< [apiv2][status] GET https://cloudfunctions.googleapis.com/v1/operations/Y2l0eS1xdWVzdC0zZWFiNC91cy1jZW50cmFsMS9nZXRJbWFnZVVybC9RNl9MMVdlODd0Zw 200
[debug] [2022-06-12T17:11:29.859Z] <<< [apiv2][body] GET https://cloudfunctions.googleapis.com/v1/operations/Y2l0eS1xdWVzdC0zZWFiNC91cy1jZW50cmFsMS9nZXRJbWFnZVVybC9RNl9MMVdlODd0Zw {"name":"operations/Y2l0eS1xdWVzdC0zZWFiNC91cy1jZW50cmFsMS9nZXRJbWFnZVVybC9RNl9MMVdlODd0Zw","metadata":{"@type":"type.googleapis.com/google.cloud.functions.v1.OperationMetadataV1","target":"projects/city-quest-3eab4/locations/us-central1/functions/getImageUrl","type":"CREATE_FUNCTION","request":{"@type":"type.googleapis.com/google.cloud.functions.v1.CloudFunction","name":"projects/city-quest-3eab4/locations/us-central1/functions/getImageUrl","httpsTrigger":{"securityLevel":"SECURE_ALWAYS"},"entryPoint":"getImageUrl","labels":{"deployment-tool":"cli-firebase","deployment-callable":"true"},"sourceUploadUrl":"https://storage.googleapis.com/uploads-856646295701.us-central1.cloudfunctions.appspot.com/f597bdad-50c0-4e4f-b9ff-3af789fbc25d.zip?GoogleAccessId=service-808915159407@gcf-admin-robot.iam.gserviceaccount.com&Expires=1655055687&Signature=sAfKEmBzg07RF5woXDTLoFCOpSrTrXEEEEzBLciwY6WYpZD4g%2B8umEjXHns4%2FSBniwo6YK9Oyo0Xmb4oaOm%2FfKTlZt3cnawas2DczvO4kC4CJeS%2B0iqnKdGZuotWM7%2FDXy7wNg9Uz1cAOKN9tDwHbXTU%2Fp2ToBAtN4ON5owOCJEzNOl6MmgtdQqkoRp0hEYPmsK0PWPOBzaEkXPsvnnXyWdzJTKxli6ygL4ub%2BH9z0%2FSSa4eb%2Bp70xdDFZVNDVmL8hfKVndPJlJOBeeguh9VqZKFRwbkFPDoU%2FRVALMO4sTurTMUgYpkRaPIiig21mEGtIpUZ8yXCaKm9aRfCoFqzQ%3D%3D","environmentVariables":{"FIREBASE_CONFIG":"{\"projectId\":\"city-quest-3eab4\",\"databaseURL\":\"https://city-quest-3eab4-default-rtdb.europe-west1.firebasedatabase.app\",\"storageBucket\":\"city-quest-3eab4.appspot.com\",\"locationId\":\"europe-west\"}","GCLOUD_PROJECT":"city-quest-3eab4"},"runtime":"nodejs16"},"versionId":"1","updateTime":"2022-06-12T17:11:29Z"}}
[debug] [2022-06-12T17:11:30.376Z] [create-default-us-central1-getImageUrl] Retrying task index 0
[debug] [2022-06-12T17:11:30.376Z] >>> [apiv2][query] GET https://cloudfunctions.googleapis.com/v1/operations/Y2l0eS1xdWVzdC0zZWFiNC91cy1jZW50cmFsMS9nZXRJbWFnZVVybC9RNl9MMVdlODd0Zw [none]
[debug] [2022-06-12T17:11:30.941Z] <<< [apiv2][status] GET https://cloudfunctions.googleapis.com/v1/operations/Y2l0eS1xdWVzdC0zZWFiNC91cy1jZW50cmFsMS9nZXRJbWFnZVVybC9RNl9MMVdlODd0Zw 200
[debug] [2022-06-12T17:11:30.941Z] <<< [apiv2][body] GET https://cloudfunctions.googleapis.com/v1/operations/Y2l0eS1xdWVzdC0zZWFiNC91cy1jZW50cmFsMS9nZXRJbWFnZVVybC9RNl9MMVdlODd0Zw {"name":"operations/Y2l0eS1xdWVzdC0zZWFiNC91cy1jZW50cmFsMS9nZXRJbWFnZVVybC9RNl9MMVdlODd0Zw","metadata":{"@type":"type.googleapis.com/google.cloud.functions.v1.OperationMetadataV1","target":"projects/city-quest-3eab4/locations/us-central1/functions/getImageUrl","type":"CREATE_FUNCTION","request":{"@type":"type.googleapis.com/google.cloud.functions.v1.CloudFunction","name":"projects/city-quest-3eab4/locations/us-central1/functions/getImageUrl","httpsTrigger":{"securityLevel":"SECURE_ALWAYS"},"entryPoint":"getImageUrl","labels":{"deployment-tool":"cli-firebase","deployment-callable":"true"},"sourceUploadUrl":"https://storage.googleapis.com/uploads-856646295701.us-central1.cloudfunctions.appspot.com/f597bdad-50c0-4e4f-b9ff-3af789fbc25d.zip?GoogleAccessId=service-808915159407@gcf-admin-robot.iam.gserviceaccount.com&Expires=1655055687&Signature=sAfKEmBzg07RF5woXDTLoFCOpSrTrXEEEEzBLciwY6WYpZD4g%2B8umEjXHns4%2FSBniwo6YK9Oyo0Xmb4oaOm%2FfKTlZt3cnawas2DczvO4kC4CJeS%2B0iqnKdGZuotWM7%2FDXy7wNg9Uz1cAOKN9tDwHbXTU%2Fp2ToBAtN4ON5owOCJEzNOl6MmgtdQqkoRp0hEYPmsK0PWPOBzaEkXPsvnnXyWdzJTKxli6ygL4ub%2BH9z0%2FSSa4eb%2Bp70xdDFZVNDVmL8hfKVndPJlJOBeeguh9VqZKFRwbkFPDoU%2FRVALMO4sTurTMUgYpkRaPIiig21mEGtIpUZ8yXCaKm9aRfCoFqzQ%3D%3D","environmentVariables":{"FIREBASE_CONFIG":"{\"projectId\":\"city-quest-3eab4\",\"databaseURL\":\"https://city-quest-3eab4-default-rtdb.europe-west1.firebasedatabase.app\",\"storageBucket\":\"city-quest-3eab4.appspot.com\",\"locationId\":\"europe-west\"}","GCLOUD_PROJECT":"city-quest-3eab4"},"runtime":"nodejs16"},"versionId":"1","updateTime":"2022-06-12T17:11:29Z","buildId":"1b984090-eb94-4a83-93e9-d935acd8b36e","buildName":"projects/808915159407/locations/us-central1/builds/1b984090-eb94-4a83-93e9-d935acd8b36e"}}
[debug] [2022-06-12T17:11:31.956Z] [create-default-us-central1-getImageUrl] Retrying task index 0
[debug] [2022-06-12T17:11:31.956Z] >>> [apiv2][query] GET https://cloudfunctions.googleapis.com/v1/operations/Y2l0eS1xdWVzdC0zZWFiNC91cy1jZW50cmFsMS9nZXRJbWFnZVVybC9RNl9MMVdlODd0Zw [none]
[debug] [2022-06-12T17:11:32.522Z] <<< [apiv2][status] GET https://cloudfunctions.googleapis.com/v1/operations/Y2l0eS1xdWVzdC0zZWFiNC91cy1jZW50cmFsMS9nZXRJbWFnZVVybC9RNl9MMVdlODd0Zw 200
[debug] [2022-06-12T17:11:32.522Z] <<< [apiv2][body] GET https://cloudfunctions.googleapis.com/v1/operations/Y2l0eS1xdWVzdC0zZWFiNC91cy1jZW50cmFsMS9nZXRJbWFnZVVybC9RNl9MMVdlODd0Zw {"name":"operations/Y2l0eS1xdWVzdC0zZWFiNC91cy1jZW50cmFsMS9nZXRJbWFnZVVybC9RNl9MMVdlODd0Zw","metadata":{"@type":"type.googleapis.com/google.cloud.functions.v1.OperationMetadataV1","target":"projects/city-quest-3eab4/locations/us-central1/functions/getImageUrl","type":"CREATE_FUNCTION","request":{"@type":"type.googleapis.com/google.cloud.functions.v1.CloudFunction","name":"projects/city-quest-3eab4/locations/us-central1/functions/getImageUrl","httpsTrigger":{"securityLevel":"SECURE_ALWAYS"},"entryPoint":"getImageUrl","labels":{"deployment-tool":"cli-firebase","deployment-callable":"true"},"sourceUploadUrl":"https://storage.googleapis.com/uploads-856646295701.us-central1.cloudfunctions.appspot.com/f597bdad-50c0-4e4f-b9ff-3af789fbc25d.zip?GoogleAccessId=service-808915159407@gcf-admin-robot.iam.gserviceaccount.com&Expires=1655055687&Signature=sAfKEmBzg07RF5woXDTLoFCOpSrTrXEEEEzBLciwY6WYpZD4g%2B8umEjXHns4%2FSBniwo6YK9Oyo0Xmb4oaOm%2FfKTlZt3cnawas2DczvO4kC4CJeS%2B0iqnKdGZuotWM7%2FDXy7wNg9Uz1cAOKN9tDwHbXTU%2Fp2ToBAtN4ON5owOCJEzNOl6MmgtdQqkoRp0hEYPmsK0PWPOBzaEkXPsvnnXyWdzJTKxli6ygL4ub%2BH9z0%2FSSa4eb%2Bp70xdDFZVNDVmL8hfKVndPJlJOBeeguh9VqZKFRwbkFPDoU%2FRVALMO4sTurTMUgYpkRaPIiig21mEGtIpUZ8yXCaKm9aRfCoFqzQ%3D%3D","environmentVariables":{"FIREBASE_CONFIG":"{\"projectId\":\"city-quest-3eab4\",\"databaseURL\":\"https://city-quest-3eab4-default-rtdb.europe-west1.firebasedatabase.app\",\"storageBucket\":\"city-quest-3eab4.appspot.com\",\"locationId\":\"europe-west\"}","GCLOUD_PROJECT":"city-quest-3eab4"},"runtime":"nodejs16"},"versionId":"1","updateTime":"2022-06-12T17:11:29Z","buildId":"1b984090-eb94-4a83-93e9-d935acd8b36e","buildName":"projects/808915159407/locations/us-central1/builds/1b984090-eb94-4a83-93e9-d935acd8b36e"}}
[debug] [2022-06-12T17:11:34.530Z] [create-default-us-central1-getImageUrl] Retrying task index 0
[debug] [2022-06-12T17:11:34.531Z] >>> [apiv2][query] GET https://cloudfunctions.googleapis.com/v1/operations/Y2l0eS1xdWVzdC0zZWFiNC91cy1jZW50cmFsMS9nZXRJbWFnZVVybC9RNl9MMVdlODd0Zw [none]
[debug] [2022-06-12T17:11:35.081Z] <<< [apiv2][status] GET https://cloudfunctions.googleapis.com/v1/operations/Y2l0eS1xdWVzdC0zZWFiNC91cy1jZW50cmFsMS9nZXRJbWFnZVVybC9RNl9MMVdlODd0Zw 200
[debug] [2022-06-12T17:11:35.081Z] <<< [apiv2][body] GET https://cloudfunctions.googleapis.com/v1/operations/Y2l0eS1xdWVzdC0zZWFiNC91cy1jZW50cmFsMS9nZXRJbWFnZVVybC9RNl9MMVdlODd0Zw {"name":"operations/Y2l0eS1xdWVzdC0zZWFiNC91cy1jZW50cmFsMS9nZXRJbWFnZVVybC9RNl9MMVdlODd0Zw","metadata":{"@type":"type.googleapis.com/google.cloud.functions.v1.OperationMetadataV1","target":"projects/city-quest-3eab4/locations/us-central1/functions/getImageUrl","type":"CREATE_FUNCTION","request":{"@type":"type.googleapis.com/google.cloud.functions.v1.CloudFunction","name":"projects/city-quest-3eab4/locations/us-central1/functions/getImageUrl","httpsTrigger":{"securityLevel":"SECURE_ALWAYS"},"entryPoint":"getImageUrl","labels":{"deployment-tool":"cli-firebase","deployment-callable":"true"},"sourceUploadUrl":"https://storage.googleapis.com/uploads-856646295701.us-central1.cloudfunctions.appspot.com/f597bdad-50c0-4e4f-b9ff-3af789fbc25d.zip?GoogleAccessId=service-808915159407@gcf-admin-robot.iam.gserviceaccount.com&Expires=1655055687&Signature=sAfKEmBzg07RF5woXDTLoFCOpSrTrXEEEEzBLciwY6WYpZD4g%2B8umEjXHns4%2FSBniwo6YK9Oyo0Xmb4oaOm%2FfKTlZt3cnawas2DczvO4kC4CJeS%2B0iqnKdGZuotWM7%2FDXy7wNg9Uz1cAOKN9tDwHbXTU%2Fp2ToBAtN4ON5owOCJEzNOl6MmgtdQqkoRp0hEYPmsK0PWPOBzaEkXPsvnnXyWdzJTKxli6ygL4ub%2BH9z0%2FSSa4eb%2Bp70xdDFZVNDVmL8hfKVndPJlJOBeeguh9VqZKFRwbkFPDoU%2FRVALMO4sTurTMUgYpkRaPIiig21mEGtIpUZ8yXCaKm9aRfCoFqzQ%3D%3D","environmentVariables":{"FIREBASE_CONFIG":"{\"projectId\":\"city-quest-3eab4\",\"databaseURL\":\"https://city-quest-3eab4-default-rtdb.europe-west1.firebasedatabase.app\",\"storageBucket\":\"city-quest-3eab4.appspot.com\",\"locationId\":\"europe-west\"}","GCLOUD_PROJECT":"city-quest-3eab4"},"runtime":"nodejs16"},"versionId":"1","updateTime":"2022-06-12T17:11:29Z","buildId":"1b984090-eb94-4a83-93e9-d935acd8b36e","buildName":"projects/808915159407/locations/us-central1/builds/1b984090-eb94-4a83-93e9-d935acd8b36e"}}
[debug] [2022-06-12T17:11:39.086Z] [create-default-us-central1-getImageUrl] Retrying task index 0
[debug] [2022-06-12T17:11:39.087Z] >>> [apiv2][query] GET https://cloudfunctions.googleapis.com/v1/operations/Y2l0eS1xdWVzdC0zZWFiNC91cy1jZW50cmFsMS9nZXRJbWFnZVVybC9RNl9MMVdlODd0Zw [none]
[debug] [2022-06-12T17:11:39.639Z] <<< [apiv2][status] GET https://cloudfunctions.googleapis.com/v1/operations/Y2l0eS1xdWVzdC0zZWFiNC91cy1jZW50cmFsMS9nZXRJbWFnZVVybC9RNl9MMVdlODd0Zw 200
[debug] [2022-06-12T17:11:39.639Z] <<< [apiv2][body] GET https://cloudfunctions.googleapis.com/v1/operations/Y2l0eS1xdWVzdC0zZWFiNC91cy1jZW50cmFsMS9nZXRJbWFnZVVybC9RNl9MMVdlODd0Zw {"name":"operations/Y2l0eS1xdWVzdC0zZWFiNC91cy1jZW50cmFsMS9nZXRJbWFnZVVybC9RNl9MMVdlODd0Zw","metadata":{"@type":"type.googleapis.com/google.cloud.functions.v1.OperationMetadataV1","target":"projects/city-quest-3eab4/locations/us-central1/functions/getImageUrl","type":"CREATE_FUNCTION","request":{"@type":"type.googleapis.com/google.cloud.functions.v1.CloudFunction","name":"projects/city-quest-3eab4/locations/us-central1/functions/getImageUrl","httpsTrigger":{"securityLevel":"SECURE_ALWAYS"},"entryPoint":"getImageUrl","labels":{"deployment-tool":"cli-firebase","deployment-callable":"true"},"sourceUploadUrl":"https://storage.googleapis.com/uploads-856646295701.us-central1.cloudfunctions.appspot.com/f597bdad-50c0-4e4f-b9ff-3af789fbc25d.zip?GoogleAccessId=service-808915159407@gcf-admin-robot.iam.gserviceaccount.com&Expires=1655055687&Signature=sAfKEmBzg07RF5woXDTLoFCOpSrTrXEEEEzBLciwY6WYpZD4g%2B8umEjXHns4%2FSBniwo6YK9Oyo0Xmb4oaOm%2FfKTlZt3cnawas2DczvO4kC4CJeS%2B0iqnKdGZuotWM7%2FDXy7wNg9Uz1cAOKN9tDwHbXTU%2Fp2ToBAtN4ON5owOCJEzNOl6MmgtdQqkoRp0hEYPmsK0PWPOBzaEkXPsvnnXyWdzJTKxli6ygL4ub%2BH9z0%2FSSa4eb%2Bp70xdDFZVNDVmL8hfKVndPJlJOBeeguh9VqZKFRwbkFPDoU%2FRVALMO4sTurTMUgYpkRaPIiig21mEGtIpUZ8yXCaKm9aRfCoFqzQ%3D%3D","environmentVariables":{"FIREBASE_CONFIG":"{\"projectId\":\"city-quest-3eab4\",\"databaseURL\":\"https://city-quest-3eab4-default-rtdb.europe-west1.firebasedatabase.app\",\"storageBucket\":\"city-quest-3eab4.appspot.com\",\"locationId\":\"europe-west\"}","GCLOUD_PROJECT":"city-quest-3eab4"},"runtime":"nodejs16"},"versionId":"1","updateTime":"2022-06-12T17:11:29Z","buildId":"1b984090-eb94-4a83-93e9-d935acd8b36e","buildName":"projects/808915159407/locations/us-central1/builds/1b984090-eb94-4a83-93e9-d935acd8b36e"}}
[debug] [2022-06-12T17:11:47.640Z] [create-default-us-central1-getImageUrl] Retrying task index 0
[debug] [2022-06-12T17:11:47.641Z] >>> [apiv2][query] GET https://cloudfunctions.googleapis.com/v1/operations/Y2l0eS1xdWVzdC0zZWFiNC91cy1jZW50cmFsMS9nZXRJbWFnZVVybC9RNl9MMVdlODd0Zw [none]
[debug] [2022-06-12T17:11:48.191Z] <<< [apiv2][status] GET https://cloudfunctions.googleapis.com/v1/operations/Y2l0eS1xdWVzdC0zZWFiNC91cy1jZW50cmFsMS9nZXRJbWFnZVVybC9RNl9MMVdlODd0Zw 200
[debug] [2022-06-12T17:11:48.191Z] <<< [apiv2][body] GET https://cloudfunctions.googleapis.com/v1/operations/Y2l0eS1xdWVzdC0zZWFiNC91cy1jZW50cmFsMS9nZXRJbWFnZVVybC9RNl9MMVdlODd0Zw {"name":"operations/Y2l0eS1xdWVzdC0zZWFiNC91cy1jZW50cmFsMS9nZXRJbWFnZVVybC9RNl9MMVdlODd0Zw","metadata":{"@type":"type.googleapis.com/google.cloud.functions.v1.OperationMetadataV1","target":"projects/city-quest-3eab4/locations/us-central1/functions/getImageUrl","type":"CREATE_FUNCTION","request":{"@type":"type.googleapis.com/google.cloud.functions.v1.CloudFunction","name":"projects/city-quest-3eab4/locations/us-central1/functions/getImageUrl","httpsTrigger":{"securityLevel":"SECURE_ALWAYS"},"entryPoint":"getImageUrl","labels":{"deployment-tool":"cli-firebase","deployment-callable":"true"},"sourceUploadUrl":"https://storage.googleapis.com/uploads-856646295701.us-central1.cloudfunctions.appspot.com/f597bdad-50c0-4e4f-b9ff-3af789fbc25d.zip?GoogleAccessId=service-808915159407@gcf-admin-robot.iam.gserviceaccount.com&Expires=1655055687&Signature=sAfKEmBzg07RF5woXDTLoFCOpSrTrXEEEEzBLciwY6WYpZD4g%2B8umEjXHns4%2FSBniwo6YK9Oyo0Xmb4oaOm%2FfKTlZt3cnawas2DczvO4kC4CJeS%2B0iqnKdGZuotWM7%2FDXy7wNg9Uz1cAOKN9tDwHbXTU%2Fp2ToBAtN4ON5owOCJEzNOl6MmgtdQqkoRp0hEYPmsK0PWPOBzaEkXPsvnnXyWdzJTKxli6ygL4ub%2BH9z0%2FSSa4eb%2Bp70xdDFZVNDVmL8hfKVndPJlJOBeeguh9VqZKFRwbkFPDoU%2FRVALMO4sTurTMUgYpkRaPIiig21mEGtIpUZ8yXCaKm9aRfCoFqzQ%3D%3D","environmentVariables":{"FIREBASE_CONFIG":"{\"projectId\":\"city-quest-3eab4\",\"databaseURL\":\"https://city-quest-3eab4-default-rtdb.europe-west1.firebasedatabase.app\",\"storageBucket\":\"city-quest-3eab4.appspot.com\",\"locationId\":\"europe-west\"}","GCLOUD_PROJECT":"city-quest-3eab4"},"runtime":"nodejs16"},"versionId":"1","updateTime":"2022-06-12T17:11:29Z","buildId":"1b984090-eb94-4a83-93e9-d935acd8b36e","buildName":"projects/808915159407/locations/us-central1/builds/1b984090-eb94-4a83-93e9-d935acd8b36e"}}
[debug] [2022-06-12T17:11:58.197Z] [create-default-us-central1-getImageUrl] Retrying task index 0
[debug] [2022-06-12T17:11:58.197Z] >>> [apiv2][query] GET https://cloudfunctions.googleapis.com/v1/operations/Y2l0eS1xdWVzdC0zZWFiNC91cy1jZW50cmFsMS9nZXRJbWFnZVVybC9RNl9MMVdlODd0Zw [none]
[debug] [2022-06-12T17:11:58.746Z] <<< [apiv2][status] GET https://cloudfunctions.googleapis.com/v1/operations/Y2l0eS1xdWVzdC0zZWFiNC91cy1jZW50cmFsMS9nZXRJbWFnZVVybC9RNl9MMVdlODd0Zw 200
[debug] [2022-06-12T17:11:58.746Z] <<< [apiv2][body] GET https://cloudfunctions.googleapis.com/v1/operations/Y2l0eS1xdWVzdC0zZWFiNC91cy1jZW50cmFsMS9nZXRJbWFnZVVybC9RNl9MMVdlODd0Zw {"name":"operations/Y2l0eS1xdWVzdC0zZWFiNC91cy1jZW50cmFsMS9nZXRJbWFnZVVybC9RNl9MMVdlODd0Zw","metadata":{"@type":"type.googleapis.com/google.cloud.functions.v1.OperationMetadataV1","target":"projects/city-quest-3eab4/locations/us-central1/functions/getImageUrl","type":"CREATE_FUNCTION","request":{"@type":"type.googleapis.com/google.cloud.functions.v1.CloudFunction","name":"projects/city-quest-3eab4/locations/us-central1/functions/getImageUrl","httpsTrigger":{"securityLevel":"SECURE_ALWAYS"},"entryPoint":"getImageUrl","labels":{"deployment-tool":"cli-firebase","deployment-callable":"true"},"sourceUploadUrl":"https://storage.googleapis.com/uploads-856646295701.us-central1.cloudfunctions.appspot.com/f597bdad-50c0-4e4f-b9ff-3af789fbc25d.zip?GoogleAccessId=service-808915159407@gcf-admin-robot.iam.gserviceaccount.com&Expires=1655055687&Signature=sAfKEmBzg07RF5woXDTLoFCOpSrTrXEEEEzBLciwY6WYpZD4g%2B8umEjXHns4%2FSBniwo6YK9Oyo0Xmb4oaOm%2FfKTlZt3cnawas2DczvO4kC4CJeS%2B0iqnKdGZuotWM7%2FDXy7wNg9Uz1cAOKN9tDwHbXTU%2Fp2ToBAtN4ON5owOCJEzNOl6MmgtdQqkoRp0hEYPmsK0PWPOBzaEkXPsvnnXyWdzJTKxli6ygL4ub%2BH9z0%2FSSa4eb%2Bp70xdDFZVNDVmL8hfKVndPJlJOBeeguh9VqZKFRwbkFPDoU%2FRVALMO4sTurTMUgYpkRaPIiig21mEGtIpUZ8yXCaKm9aRfCoFqzQ%3D%3D","environmentVariables":{"FIREBASE_CONFIG":"{\"projectId\":\"city-quest-3eab4\",\"databaseURL\":\"https://city-quest-3eab4-default-rtdb.europe-west1.firebasedatabase.app\",\"storageBucket\":\"city-quest-3eab4.appspot.com\",\"locationId\":\"europe-west\"}","GCLOUD_PROJECT":"city-quest-3eab4"},"runtime":"nodejs16"},"versionId":"1","updateTime":"2022-06-12T17:11:29Z","buildId":"1b984090-eb94-4a83-93e9-d935acd8b36e","buildName":"projects/808915159407/locations/us-central1/builds/1b984090-eb94-4a83-93e9-d935acd8b36e"}}
[debug] [2022-06-12T17:12:08.757Z] [create-default-us-central1-getImageUrl] Retrying task index 0
[debug] [2022-06-12T17:12:08.758Z] >>> [apiv2][query] GET https://cloudfunctions.googleapis.com/v1/operations/Y2l0eS1xdWVzdC0zZWFiNC91cy1jZW50cmFsMS9nZXRJbWFnZVVybC9RNl9MMVdlODd0Zw [none]
[debug] [2022-06-12T17:12:09.557Z] <<< [apiv2][status] GET https://cloudfunctions.googleapis.com/v1/operations/Y2l0eS1xdWVzdC0zZWFiNC91cy1jZW50cmFsMS9nZXRJbWFnZVVybC9RNl9MMVdlODd0Zw 200
[debug] [2022-06-12T17:12:09.557Z] <<< [apiv2][body] GET https://cloudfunctions.googleapis.com/v1/operations/Y2l0eS1xdWVzdC0zZWFiNC91cy1jZW50cmFsMS9nZXRJbWFnZVVybC9RNl9MMVdlODd0Zw {"name":"operations/Y2l0eS1xdWVzdC0zZWFiNC91cy1jZW50cmFsMS9nZXRJbWFnZVVybC9RNl9MMVdlODd0Zw","metadata":{"@type":"type.googleapis.com/google.cloud.functions.v1.OperationMetadataV1","target":"projects/city-quest-3eab4/locations/us-central1/functions/getImageUrl","type":"CREATE_FUNCTION","request":{"@type":"type.googleapis.com/google.cloud.functions.v1.CloudFunction","name":"projects/city-quest-3eab4/locations/us-central1/functions/getImageUrl","httpsTrigger":{"securityLevel":"SECURE_ALWAYS"},"entryPoint":"getImageUrl","labels":{"deployment-tool":"cli-firebase","deployment-callable":"true"},"sourceUploadUrl":"https://storage.googleapis.com/uploads-856646295701.us-central1.cloudfunctions.appspot.com/f597bdad-50c0-4e4f-b9ff-3af789fbc25d.zip?GoogleAccessId=service-808915159407@gcf-admin-robot.iam.gserviceaccount.com&Expires=1655055687&Signature=sAfKEmBzg07RF5woXDTLoFCOpSrTrXEEEEzBLciwY6WYpZD4g%2B8umEjXHns4%2FSBniwo6YK9Oyo0Xmb4oaOm%2FfKTlZt3cnawas2DczvO4kC4CJeS%2B0iqnKdGZuotWM7%2FDXy7wNg9Uz1cAOKN9tDwHbXTU%2Fp2ToBAtN4ON5owOCJEzNOl6MmgtdQqkoRp0hEYPmsK0PWPOBzaEkXPsvnnXyWdzJTKxli6ygL4ub%2BH9z0%2FSSa4eb%2Bp70xdDFZVNDVmL8hfKVndPJlJOBeeguh9VqZKFRwbkFPDoU%2FRVALMO4sTurTMUgYpkRaPIiig21mEGtIpUZ8yXCaKm9aRfCoFqzQ%3D%3D","environmentVariables":{"FIREBASE_CONFIG":"{\"projectId\":\"city-quest-3eab4\",\"databaseURL\":\"https://city-quest-3eab4-default-rtdb.europe-west1.firebasedatabase.app\",\"storageBucket\":\"city-quest-3eab4.appspot.com\",\"locationId\":\"europe-west\"}","GCLOUD_PROJECT":"city-quest-3eab4"},"runtime":"nodejs16"},"versionId":"1","updateTime":"2022-06-12T17:11:29Z","buildId":"1b984090-eb94-4a83-93e9-d935acd8b36e","buildName":"projects/808915159407/locations/us-central1/builds/1b984090-eb94-4a83-93e9-d935acd8b36e"}}
[debug] [2022-06-12T17:12:19.564Z] [create-default-us-central1-getImageUrl] Retrying task index 0
[debug] [2022-06-12T17:12:19.565Z] >>> [apiv2][query] GET https://cloudfunctions.googleapis.com/v1/operations/Y2l0eS1xdWVzdC0zZWFiNC91cy1jZW50cmFsMS9nZXRJbWFnZVVybC9RNl9MMVdlODd0Zw [none]
[debug] [2022-06-12T17:12:20.144Z] <<< [apiv2][status] GET https://cloudfunctions.googleapis.com/v1/operations/Y2l0eS1xdWVzdC0zZWFiNC91cy1jZW50cmFsMS9nZXRJbWFnZVVybC9RNl9MMVdlODd0Zw 200
[debug] [2022-06-12T17:12:20.145Z] <<< [apiv2][body] GET https://cloudfunctions.googleapis.com/v1/operations/Y2l0eS1xdWVzdC0zZWFiNC91cy1jZW50cmFsMS9nZXRJbWFnZVVybC9RNl9MMVdlODd0Zw {"name":"operations/Y2l0eS1xdWVzdC0zZWFiNC91cy1jZW50cmFsMS9nZXRJbWFnZVVybC9RNl9MMVdlODd0Zw","metadata":{"@type":"type.googleapis.com/google.cloud.functions.v1.OperationMetadataV1","target":"projects/city-quest-3eab4/locations/us-central1/functions/getImageUrl","type":"CREATE_FUNCTION","request":{"@type":"type.googleapis.com/google.cloud.functions.v1.CloudFunction","name":"projects/city-quest-3eab4/locations/us-central1/functions/getImageUrl","httpsTrigger":{"securityLevel":"SECURE_ALWAYS"},"entryPoint":"getImageUrl","labels":{"deployment-tool":"cli-firebase","deployment-callable":"true"},"sourceUploadUrl":"https://storage.googleapis.com/uploads-856646295701.us-central1.cloudfunctions.appspot.com/f597bdad-50c0-4e4f-b9ff-3af789fbc25d.zip?GoogleAccessId=service-808915159407@gcf-admin-robot.iam.gserviceaccount.com&Expires=1655055687&Signature=sAfKEmBzg07RF5woXDTLoFCOpSrTrXEEEEzBLciwY6WYpZD4g%2B8umEjXHns4%2FSBniwo6YK9Oyo0Xmb4oaOm%2FfKTlZt3cnawas2DczvO4kC4CJeS%2B0iqnKdGZuotWM7%2FDXy7wNg9Uz1cAOKN9tDwHbXTU%2Fp2ToBAtN4ON5owOCJEzNOl6MmgtdQqkoRp0hEYPmsK0PWPOBzaEkXPsvnnXyWdzJTKxli6ygL4ub%2BH9z0%2FSSa4eb%2Bp70xdDFZVNDVmL8hfKVndPJlJOBeeguh9VqZKFRwbkFPDoU%2FRVALMO4sTurTMUgYpkRaPIiig21mEGtIpUZ8yXCaKm9aRfCoFqzQ%3D%3D","environmentVariables":{"FIREBASE_CONFIG":"{\"projectId\":\"city-quest-3eab4\",\"databaseURL\":\"https://city-quest-3eab4-default-rtdb.europe-west1.firebasedatabase.app\",\"storageBucket\":\"city-quest-3eab4.appspot.com\",\"locationId\":\"europe-west\"}","GCLOUD_PROJECT":"city-quest-3eab4"},"runtime":"nodejs16"},"versionId":"1","updateTime":"2022-06-12T17:11:29Z","buildId":"1b984090-eb94-4a83-93e9-d935acd8b36e","buildName":"projects/808915159407/locations/us-central1/builds/1b984090-eb94-4a83-93e9-d935acd8b36e"}}
[debug] [2022-06-12T17:12:30.151Z] [create-default-us-central1-getImageUrl] Retrying task index 0
[debug] [2022-06-12T17:12:30.152Z] >>> [apiv2][query] GET https://cloudfunctions.googleapis.com/v1/operations/Y2l0eS1xdWVzdC0zZWFiNC91cy1jZW50cmFsMS9nZXRJbWFnZVVybC9RNl9MMVdlODd0Zw [none]
[debug] [2022-06-12T17:12:30.716Z] <<< [apiv2][status] GET https://cloudfunctions.googleapis.com/v1/operations/Y2l0eS1xdWVzdC0zZWFiNC91cy1jZW50cmFsMS9nZXRJbWFnZVVybC9RNl9MMVdlODd0Zw 200
[debug] [2022-06-12T17:12:30.716Z] <<< [apiv2][body] GET https://cloudfunctions.googleapis.com/v1/operations/Y2l0eS1xdWVzdC0zZWFiNC91cy1jZW50cmFsMS9nZXRJbWFnZVVybC9RNl9MMVdlODd0Zw {"name":"operations/Y2l0eS1xdWVzdC0zZWFiNC91cy1jZW50cmFsMS9nZXRJbWFnZVVybC9RNl9MMVdlODd0Zw","metadata":{"@type":"type.googleapis.com/google.cloud.functions.v1.OperationMetadataV1","target":"projects/city-quest-3eab4/locations/us-central1/functions/getImageUrl","type":"CREATE_FUNCTION","request":{"@type":"type.googleapis.com/google.cloud.functions.v1.CloudFunction","name":"projects/city-quest-3eab4/locations/us-central1/functions/getImageUrl","httpsTrigger":{"securityLevel":"SECURE_ALWAYS"},"entryPoint":"getImageUrl","labels":{"deployment-tool":"cli-firebase","deployment-callable":"true"},"sourceUploadUrl":"https://storage.googleapis.com/uploads-856646295701.us-central1.cloudfunctions.appspot.com/f597bdad-50c0-4e4f-b9ff-3af789fbc25d.zip?GoogleAccessId=service-808915159407@gcf-admin-robot.iam.gserviceaccount.com&Expires=1655055687&Signature=sAfKEmBzg07RF5woXDTLoFCOpSrTrXEEEEzBLciwY6WYpZD4g%2B8umEjXHns4%2FSBniwo6YK9Oyo0Xmb4oaOm%2FfKTlZt3cnawas2DczvO4kC4CJeS%2B0iqnKdGZuotWM7%2FDXy7wNg9Uz1cAOKN9tDwHbXTU%2Fp2ToBAtN4ON5owOCJEzNOl6MmgtdQqkoRp0hEYPmsK0PWPOBzaEkXPsvnnXyWdzJTKxli6ygL4ub%2BH9z0%2FSSa4eb%2Bp70xdDFZVNDVmL8hfKVndPJlJOBeeguh9VqZKFRwbkFPDoU%2FRVALMO4sTurTMUgYpkRaPIiig21mEGtIpUZ8yXCaKm9aRfCoFqzQ%3D%3D","environmentVariables":{"FIREBASE_CONFIG":"{\"projectId\":\"city-quest-3eab4\",\"databaseURL\":\"https://city-quest-3eab4-default-rtdb.europe-west1.firebasedatabase.app\",\"storageBucket\":\"city-quest-3eab4.appspot.com\",\"locationId\":\"europe-west\"}","GCLOUD_PROJECT":"city-quest-3eab4"},"runtime":"nodejs16"},"versionId":"1","updateTime":"2022-06-12T17:11:29Z","buildId":"1b984090-eb94-4a83-93e9-d935acd8b36e","buildName":"projects/808915159407/locations/us-central1/builds/1b984090-eb94-4a83-93e9-d935acd8b36e"}}
[debug] [2022-06-12T17:12:40.731Z] [create-default-us-central1-getImageUrl] Retrying task index 0
[debug] [2022-06-12T17:12:40.732Z] >>> [apiv2][query] GET https://cloudfunctions.googleapis.com/v1/operations/Y2l0eS1xdWVzdC0zZWFiNC91cy1jZW50cmFsMS9nZXRJbWFnZVVybC9RNl9MMVdlODd0Zw [none]
[debug] [2022-06-12T17:12:41.296Z] <<< [apiv2][status] GET https://cloudfunctions.googleapis.com/v1/operations/Y2l0eS1xdWVzdC0zZWFiNC91cy1jZW50cmFsMS9nZXRJbWFnZVVybC9RNl9MMVdlODd0Zw 200
[debug] [2022-06-12T17:12:41.297Z] <<< [apiv2][body] GET https://cloudfunctions.googleapis.com/v1/operations/Y2l0eS1xdWVzdC0zZWFiNC91cy1jZW50cmFsMS9nZXRJbWFnZVVybC9RNl9MMVdlODd0Zw {"name":"operations/Y2l0eS1xdWVzdC0zZWFiNC91cy1jZW50cmFsMS9nZXRJbWFnZVVybC9RNl9MMVdlODd0Zw","metadata":{"@type":"type.googleapis.com/google.cloud.functions.v1.OperationMetadataV1","target":"projects/city-quest-3eab4/locations/us-central1/functions/getImageUrl","type":"CREATE_FUNCTION","request":{"@type":"type.googleapis.com/google.cloud.functions.v1.CloudFunction","name":"projects/city-quest-3eab4/locations/us-central1/functions/getImageUrl","httpsTrigger":{"securityLevel":"SECURE_ALWAYS"},"entryPoint":"getImageUrl","labels":{"deployment-tool":"cli-firebase","deployment-callable":"true"},"sourceUploadUrl":"https://storage.googleapis.com/uploads-856646295701.us-central1.cloudfunctions.appspot.com/f597bdad-50c0-4e4f-b9ff-3af789fbc25d.zip?GoogleAccessId=service-808915159407@gcf-admin-robot.iam.gserviceaccount.com&Expires=1655055687&Signature=sAfKEmBzg07RF5woXDTLoFCOpSrTrXEEEEzBLciwY6WYpZD4g%2B8umEjXHns4%2FSBniwo6YK9Oyo0Xmb4oaOm%2FfKTlZt3cnawas2DczvO4kC4CJeS%2B0iqnKdGZuotWM7%2FDXy7wNg9Uz1cAOKN9tDwHbXTU%2Fp2ToBAtN4ON5owOCJEzNOl6MmgtdQqkoRp0hEYPmsK0PWPOBzaEkXPsvnnXyWdzJTKxli6ygL4ub%2BH9z0%2FSSa4eb%2Bp70xdDFZVNDVmL8hfKVndPJlJOBeeguh9VqZKFRwbkFPDoU%2FRVALMO4sTurTMUgYpkRaPIiig21mEGtIpUZ8yXCaKm9aRfCoFqzQ%3D%3D","environmentVariables":{"FIREBASE_CONFIG":"{\"projectId\":\"city-quest-3eab4\",\"databaseURL\":\"https://city-quest-3eab4-default-rtdb.europe-west1.firebasedatabase.app\",\"storageBucket\":\"city-quest-3eab4.appspot.com\",\"locationId\":\"europe-west\"}","GCLOUD_PROJECT":"city-quest-3eab4"},"runtime":"nodejs16"},"versionId":"1","updateTime":"2022-06-12T17:11:29Z","buildId":"1b984090-eb94-4a83-93e9-d935acd8b36e","buildName":"projects/808915159407/locations/us-central1/builds/1b984090-eb94-4a83-93e9-d935acd8b36e"}}
[debug] [2022-06-12T17:12:51.311Z] [create-default-us-central1-getImageUrl] Retrying task index 0
[debug] [2022-06-12T17:12:51.312Z] >>> [apiv2][query] GET https://cloudfunctions.googleapis.com/v1/operations/Y2l0eS1xdWVzdC0zZWFiNC91cy1jZW50cmFsMS9nZXRJbWFnZVVybC9RNl9MMVdlODd0Zw [none]
[debug] [2022-06-12T17:12:51.833Z] <<< [apiv2][status] GET https://cloudfunctions.googleapis.com/v1/operations/Y2l0eS1xdWVzdC0zZWFiNC91cy1jZW50cmFsMS9nZXRJbWFnZVVybC9RNl9MMVdlODd0Zw 200
[debug] [2022-06-12T17:12:51.833Z] <<< [apiv2][body] GET https://cloudfunctions.googleapis.com/v1/operations/Y2l0eS1xdWVzdC0zZWFiNC91cy1jZW50cmFsMS9nZXRJbWFnZVVybC9RNl9MMVdlODd0Zw {"name":"operations/Y2l0eS1xdWVzdC0zZWFiNC91cy1jZW50cmFsMS9nZXRJbWFnZVVybC9RNl9MMVdlODd0Zw","metadata":{"@type":"type.googleapis.com/google.cloud.functions.v1.OperationMetadataV1","target":"projects/city-quest-3eab4/locations/us-central1/functions/getImageUrl","type":"CREATE_FUNCTION","request":{"@type":"type.googleapis.com/google.cloud.functions.v1.CloudFunction","name":"projects/city-quest-3eab4/locations/us-central1/functions/getImageUrl","httpsTrigger":{"securityLevel":"SECURE_ALWAYS"},"entryPoint":"getImageUrl","labels":{"deployment-tool":"cli-firebase","deployment-callable":"true"},"sourceUploadUrl":"https://storage.googleapis.com/uploads-856646295701.us-central1.cloudfunctions.appspot.com/f597bdad-50c0-4e4f-b9ff-3af789fbc25d.zip?GoogleAccessId=service-808915159407@gcf-admin-robot.iam.gserviceaccount.com&Expires=1655055687&Signature=sAfKEmBzg07RF5woXDTLoFCOpSrTrXEEEEzBLciwY6WYpZD4g%2B8umEjXHns4%2FSBniwo6YK9Oyo0Xmb4oaOm%2FfKTlZt3cnawas2DczvO4kC4CJeS%2B0iqnKdGZuotWM7%2FDXy7wNg9Uz1cAOKN9tDwHbXTU%2Fp2ToBAtN4ON5owOCJEzNOl6MmgtdQqkoRp0hEYPmsK0PWPOBzaEkXPsvnnXyWdzJTKxli6ygL4ub%2BH9z0%2FSSa4eb%2Bp70xdDFZVNDVmL8hfKVndPJlJOBeeguh9VqZKFRwbkFPDoU%2FRVALMO4sTurTMUgYpkRaPIiig21mEGtIpUZ8yXCaKm9aRfCoFqzQ%3D%3D","environmentVariables":{"FIREBASE_CONFIG":"{\"projectId\":\"city-quest-3eab4\",\"databaseURL\":\"https://city-quest-3eab4-default-rtdb.europe-west1.firebasedatabase.app\",\"storageBucket\":\"city-quest-3eab4.appspot.com\",\"locationId\":\"europe-west\"}","GCLOUD_PROJECT":"city-quest-3eab4"},"runtime":"nodejs16"},"versionId":"1","updateTime":"2022-06-12T17:11:29Z","buildId":"1b984090-eb94-4a83-93e9-d935acd8b36e","sourceToken":"dbcc7d97-6abb-4dd6-a778-badf99a967b6","buildName":"projects/808915159407/locations/us-central1/builds/1b984090-eb94-4a83-93e9-d935acd8b36e"}}
[debug] [2022-06-12T17:12:51.833Z] Got source token dbcc7d97-6abb-4dd6-a778-badf99a967b6 for region us-central1
[debug] [2022-06-12T17:13:01.848Z] [create-default-us-central1-getImageUrl] Retrying task index 0
[debug] [2022-06-12T17:13:01.849Z] >>> [apiv2][query] GET https://cloudfunctions.googleapis.com/v1/operations/Y2l0eS1xdWVzdC0zZWFiNC91cy1jZW50cmFsMS9nZXRJbWFnZVVybC9RNl9MMVdlODd0Zw [none]
[debug] [2022-06-12T17:13:02.411Z] <<< [apiv2][status] GET https://cloudfunctions.googleapis.com/v1/operations/Y2l0eS1xdWVzdC0zZWFiNC91cy1jZW50cmFsMS9nZXRJbWFnZVVybC9RNl9MMVdlODd0Zw 200
[debug] [2022-06-12T17:13:02.411Z] <<< [apiv2][body] GET https://cloudfunctions.googleapis.com/v1/operations/Y2l0eS1xdWVzdC0zZWFiNC91cy1jZW50cmFsMS9nZXRJbWFnZVVybC9RNl9MMVdlODd0Zw {"name":"operations/Y2l0eS1xdWVzdC0zZWFiNC91cy1jZW50cmFsMS9nZXRJbWFnZVVybC9RNl9MMVdlODd0Zw","metadata":{"@type":"type.googleapis.com/google.cloud.functions.v1.OperationMetadataV1","target":"projects/city-quest-3eab4/locations/us-central1/functions/getImageUrl","type":"CREATE_FUNCTION","request":{"@type":"type.googleapis.com/google.cloud.functions.v1.CloudFunction","name":"projects/city-quest-3eab4/locations/us-central1/functions/getImageUrl","httpsTrigger":{"securityLevel":"SECURE_ALWAYS"},"entryPoint":"getImageUrl","labels":{"deployment-tool":"cli-firebase","deployment-callable":"true"},"sourceUploadUrl":"https://storage.googleapis.com/uploads-856646295701.us-central1.cloudfunctions.appspot.com/f597bdad-50c0-4e4f-b9ff-3af789fbc25d.zip?GoogleAccessId=service-808915159407@gcf-admin-robot.iam.gserviceaccount.com&Expires=1655055687&Signature=sAfKEmBzg07RF5woXDTLoFCOpSrTrXEEEEzBLciwY6WYpZD4g%2B8umEjXHns4%2FSBniwo6YK9Oyo0Xmb4oaOm%2FfKTlZt3cnawas2DczvO4kC4CJeS%2B0iqnKdGZuotWM7%2FDXy7wNg9Uz1cAOKN9tDwHbXTU%2Fp2ToBAtN4ON5owOCJEzNOl6MmgtdQqkoRp0hEYPmsK0PWPOBzaEkXPsvnnXyWdzJTKxli6ygL4ub%2BH9z0%2FSSa4eb%2Bp70xdDFZVNDVmL8hfKVndPJlJOBeeguh9VqZKFRwbkFPDoU%2FRVALMO4sTurTMUgYpkRaPIiig21mEGtIpUZ8yXCaKm9aRfCoFqzQ%3D%3D","environmentVariables":{"FIREBASE_CONFIG":"{\"projectId\":\"city-quest-3eab4\",\"databaseURL\":\"https://city-quest-3eab4-default-rtdb.europe-west1.firebasedatabase.app\",\"storageBucket\":\"city-quest-3eab4.appspot.com\",\"locationId\":\"europe-west\"}","GCLOUD_PROJECT":"city-quest-3eab4"},"runtime":"nodejs16"},"versionId":"1","updateTime":"2022-06-12T17:12:53Z","buildId":"1b984090-eb94-4a83-93e9-d935acd8b36e","sourceToken":"dbcc7d97-6abb-4dd6-a778-badf99a967b6","buildName":"projects/808915159407/locations/us-central1/builds/1b984090-eb94-4a83-93e9-d935acd8b36e"},"done":true,"error":{"code":3,"message":"Function failed on loading user code. This is likely due to a bug in the user code. Error message: Error: please examine your function logs to see the error cause: https://cloud.google.com/functions/docs/monitoring/logging#viewing_logs. Additional troubleshooting documentation can be found at https://cloud.google.com/functions/docs/troubleshooting#logging. Please visit https://cloud.google.com/functions/docs/troubleshooting for in-depth troubleshooting documentation."}}
[debug] [2022-06-12T17:13:02.412Z] Got source token dbcc7d97-6abb-4dd6-a778-badf99a967b6 for region us-central1
[error] Function failed on loading user code. This is likely due to a bug in the user code. Error message: Error: please examine your function logs to see the error cause: https://cloud.google.com/functions/docs/monitoring/logging#viewing_logs. Additional troubleshooting documentation can be found at https://cloud.google.com/functions/docs/troubleshooting#logging. Please visit https://cloud.google.com/functions/docs/troubleshooting for in-depth troubleshooting documentation.
[debug] [2022-06-12T17:13:02.418Z] Total Function Deployment time: 93857
[debug] [2022-06-12T17:13:02.418Z] 1 Functions Deployed
[debug] [2022-06-12T17:13:02.418Z] 1 Functions Errored
[debug] [2022-06-12T17:13:02.419Z] 0 Function Deployments Aborted
[debug] [2022-06-12T17:13:02.419Z] Average Function Deployment time: 93856
[info] 
[info] Functions deploy had errors with the following functions:
	getImageUrl(us-central1)
[debug] [2022-06-12T17:13:02.629Z] Not printing URL for HTTPS function. Typically this means it didn't match a filter or we failed deployment
[info] i  functions: cleaning up build files... 
[debug] [2022-06-12T17:13:02.631Z] >>> [apiv2][query] GET https://us.gcr.io/v2/city-quest-3eab4/gcf/us-central1/tags/list [none]
[debug] [2022-06-12T17:13:03.611Z] <<< [apiv2][status] GET https://us.gcr.io/v2/city-quest-3eab4/gcf/us-central1/tags/list 200
[debug] [2022-06-12T17:13:03.612Z] <<< [apiv2][body] GET https://us.gcr.io/v2/city-quest-3eab4/gcf/us-central1/tags/list {"child":["3e98f5d1-77aa-4ec0-a878-aa6444eaba6b"],"manifest":{},"name":"city-quest-3eab4/gcf/us-central1","tags":[]}
[debug] [2022-06-12T17:13:03.612Z] >>> [apiv2][query] GET https://us.gcr.io/v2/city-quest-3eab4/gcf/us-central1/3e98f5d1-77aa-4ec0-a878-aa6444eaba6b/tags/list [none]
[debug] [2022-06-12T17:13:04.491Z] <<< [apiv2][status] GET https://us.gcr.io/v2/city-quest-3eab4/gcf/us-central1/3e98f5d1-77aa-4ec0-a878-aa6444eaba6b/tags/list 200
[debug] [2022-06-12T17:13:04.491Z] <<< [apiv2][body] GET https://us.gcr.io/v2/city-quest-3eab4/gcf/us-central1/3e98f5d1-77aa-4ec0-a878-aa6444eaba6b/tags/list {"child":["cache"],"manifest":{"sha256:71a6fc2faea7e3555a4e0d90d59584d60d8826482fa2c5893c289f44f4615cc1":{"imageSizeBytes":"431542746","layerId":"","mediaType":"application/vnd.docker.distribution.manifest.v2+json","tag":["getImageUrl_version-1","latest"],"timeCreatedMs":"315532801000","timeUploadedMs":"1655053946631"}},"name":"city-quest-3eab4/gcf/us-central1/3e98f5d1-77aa-4ec0-a878-aa6444eaba6b","tags":["getImageUrl_version-1","latest"]}
[debug] [2022-06-12T17:13:04.492Z] Could not find image for function projects/city-quest-3eab4/locations/us-central1/functions/helloWorld
[debug] [2022-06-12T17:13:04.493Z] >>> [apiv2][query] GET https://us.gcr.io/v2/city-quest-3eab4/gcf/us-central1/3e98f5d1-77aa-4ec0-a878-aa6444eaba6b/cache/tags/list [none]
[debug] [2022-06-12T17:13:04.495Z] >>> [apiv2][query] DELETE https://us.gcr.io/v2/city-quest-3eab4/gcf/us-central1/3e98f5d1-77aa-4ec0-a878-aa6444eaba6b/manifests/getImageUrl_version-1 [none]
[debug] [2022-06-12T17:13:04.496Z] >>> [apiv2][query] DELETE https://us.gcr.io/v2/city-quest-3eab4/gcf/us-central1/3e98f5d1-77aa-4ec0-a878-aa6444eaba6b/manifests/latest [none]
[debug] [2022-06-12T17:13:05.382Z] <<< [apiv2][status] GET https://us.gcr.io/v2/city-quest-3eab4/gcf/us-central1/3e98f5d1-77aa-4ec0-a878-aa6444eaba6b/cache/tags/list 200
[debug] [2022-06-12T17:13:05.382Z] <<< [apiv2][body] GET https://us.gcr.io/v2/city-quest-3eab4/gcf/us-central1/3e98f5d1-77aa-4ec0-a878-aa6444eaba6b/cache/tags/list {"child":[],"manifest":{"sha256:61d63c58b836d73e81475fbbc880c811bd1c19146074256ac0a56e44159e9292":{"imageSizeBytes":"13702881","layerId":"","mediaType":"application/vnd.docker.distribution.manifest.v2+json","tag":["latest"],"timeCreatedMs":"315532801000","timeUploadedMs":"1655053947057"}},"name":"city-quest-3eab4/gcf/us-central1/3e98f5d1-77aa-4ec0-a878-aa6444eaba6b/cache","tags":["latest"]}
[debug] [2022-06-12T17:13:05.383Z] >>> [apiv2][query] DELETE https://us.gcr.io/v2/city-quest-3eab4/gcf/us-central1/3e98f5d1-77aa-4ec0-a878-aa6444eaba6b/cache/manifests/latest [none]
[debug] [2022-06-12T17:13:05.486Z] <<< [apiv2][status] DELETE https://us.gcr.io/v2/city-quest-3eab4/gcf/us-central1/3e98f5d1-77aa-4ec0-a878-aa6444eaba6b/manifests/latest 202
[debug] [2022-06-12T17:13:05.486Z] <<< [apiv2][body] DELETE https://us.gcr.io/v2/city-quest-3eab4/gcf/us-central1/3e98f5d1-77aa-4ec0-a878-aa6444eaba6b/manifests/latest {"errors":[]}
[debug] [2022-06-12T17:13:05.503Z] <<< [apiv2][status] DELETE https://us.gcr.io/v2/city-quest-3eab4/gcf/us-central1/3e98f5d1-77aa-4ec0-a878-aa6444eaba6b/manifests/getImageUrl_version-1 202
[debug] [2022-06-12T17:13:05.503Z] <<< [apiv2][body] DELETE https://us.gcr.io/v2/city-quest-3eab4/gcf/us-central1/3e98f5d1-77aa-4ec0-a878-aa6444eaba6b/manifests/getImageUrl_version-1 {"errors":[]}
[debug] [2022-06-12T17:13:05.504Z] >>> [apiv2][query] DELETE https://us.gcr.io/v2/city-quest-3eab4/gcf/us-central1/3e98f5d1-77aa-4ec0-a878-aa6444eaba6b/manifests/sha256:71a6fc2faea7e3555a4e0d90d59584d60d8826482fa2c5893c289f44f4615cc1 [none]
[debug] [2022-06-12T17:13:06.397Z] <<< [apiv2][status] DELETE https://us.gcr.io/v2/city-quest-3eab4/gcf/us-central1/3e98f5d1-77aa-4ec0-a878-aa6444eaba6b/cache/manifests/latest 202
[debug] [2022-06-12T17:13:06.397Z] <<< [apiv2][body] DELETE https://us.gcr.io/v2/city-quest-3eab4/gcf/us-central1/3e98f5d1-77aa-4ec0-a878-aa6444eaba6b/cache/manifests/latest {"errors":[]}
[debug] [2022-06-12T17:13:06.397Z] >>> [apiv2][query] DELETE https://us.gcr.io/v2/city-quest-3eab4/gcf/us-central1/3e98f5d1-77aa-4ec0-a878-aa6444eaba6b/cache/manifests/sha256:61d63c58b836d73e81475fbbc880c811bd1c19146074256ac0a56e44159e9292 [none]
[debug] [2022-06-12T17:13:07.630Z] <<< [apiv2][status] DELETE https://us.gcr.io/v2/city-quest-3eab4/gcf/us-central1/3e98f5d1-77aa-4ec0-a878-aa6444eaba6b/manifests/sha256:71a6fc2faea7e3555a4e0d90d59584d60d8826482fa2c5893c289f44f4615cc1 202
[debug] [2022-06-12T17:13:07.630Z] <<< [apiv2][body] DELETE https://us.gcr.io/v2/city-quest-3eab4/gcf/us-central1/3e98f5d1-77aa-4ec0-a878-aa6444eaba6b/manifests/sha256:71a6fc2faea7e3555a4e0d90d59584d60d8826482fa2c5893c289f44f4615cc1 {"errors":[]}
[debug] [2022-06-12T17:13:08.458Z] <<< [apiv2][status] DELETE https://us.gcr.io/v2/city-quest-3eab4/gcf/us-central1/3e98f5d1-77aa-4ec0-a878-aa6444eaba6b/cache/manifests/sha256:61d63c58b836d73e81475fbbc880c811bd1c19146074256ac0a56e44159e9292 202
[debug] [2022-06-12T17:13:08.459Z] <<< [apiv2][body] DELETE https://us.gcr.io/v2/city-quest-3eab4/gcf/us-central1/3e98f5d1-77aa-4ec0-a878-aa6444eaba6b/cache/manifests/sha256:61d63c58b836d73e81475fbbc880c811bd1c19146074256ac0a56e44159e9292 {"errors":[]}
[debug] [2022-06-12T17:13:08.633Z] Error: Failed to create function getImageUrl in region us-central1
    at C:\Users\User\AppData\Roaming\npm\node_modules\firebase-tools\lib\deploy\functions\release\fabricator.js:42:11
    at processTicksAndRejections (internal/process/task_queues.js:95:5)
    at async Fabricator.createV1Function (C:\Users\User\AppData\Roaming\npm\node_modules\firebase-tools\lib\deploy\functions\release\fabricator.js:168:32)
    at async Fabricator.createEndpoint (C:\Users\User\AppData\Roaming\npm\node_modules\firebase-tools\lib\deploy\functions\release\fabricator.js:119:13)
    at async handle (C:\Users\User\AppData\Roaming\npm\node_modules\firebase-tools\lib\deploy\functions\release\fabricator.js:78:17)
[error] 
[error] Error: There was an error deploying functions
